Drill Listing
=============
Drill: .02  Tool: 1  Feed: 197  Speed: 550
X 66000  Y 111980
X 69500  Y 119980
X 76000  Y 111980
X 86000  Y 111980
X 96000  Y 111980
X 98000  Y 120500
X 111000  Y 125000
X 114000  Y 130000
X 123000  Y 108000
X 123000  Y 117000
X 128000  Y 121000
X 129500  Y 109980
X 159500  Y 119980
X 159500  Y 109980
X 169500  Y 109980
X 169500  Y 119980
X 180000  Y 132000
X 190000  Y 128000
X 204000  Y 128000
X 232000  Y 122500
X 242000  Y 122500
X 253000  Y 126000
X 263000  Y 130000
X 271114  Y 122413
X 301114  Y 112413
X 301114  Y 122413
X 308000  Y 126000
X 311114  Y 112413
X 311114  Y 122413
X 318000  Y 130000
X 321114  Y 112413
X 321114  Y 122413
X 331114  Y 112413
X 331114  Y 122413
X 341114  Y 122413
X 341114  Y 112413
X 351114  Y 122413
X 351114  Y 112413
X 361114  Y 112413
X 361114  Y 122413
X 371114  Y 122413
X 371114  Y 112413
X 381114  Y 122413
X 381114  Y 112413
X 391114  Y 122413
X 391114  Y 112413
X 409500  Y 119980
X 409500  Y 109980
X 419500  Y 119980
X 419500  Y 109980
X 420000  Y 131000
X 429500  Y 119980
X 429500  Y 109980
X 429500  Y 149980
X 419500  Y 139980
X 419500  Y 149980
X 409500  Y 139980
X 399614  Y 149913
X 359500  Y 149980
X 341114  Y 152413
X 328000  Y 157000
X 318000  Y 149000
X 318000  Y 137000
X 317000  Y 157000
X 313000  Y 153000
X 308000  Y 137000
X 306000  Y 157000
X 301114  Y 152413
X 288000  Y 153000
X 278000  Y 151000
X 271114  Y 152413
X 263000  Y 137000
X 261114  Y 152413
X 253000  Y 137000
X 251114  Y 152413
X 241114  Y 142413
X 232000  Y 134000
X 223000  Y 155000
X 208000  Y 155000
X 188000  Y 143000
X 180000  Y 143000
X 179500  Y 149980
X 169500  Y 149980
X 159500  Y 139980
X 159500  Y 149980
X 129500  Y 139980
X 129500  Y 149980
X 118000  Y 135000
X 115000  Y 145000
X 109000  Y 133000
X 109000  Y 140000
X 69500  Y 139980
X 69500  Y 159980
X 69500  Y 169980
X 79500  Y 169980
X 89500  Y 159980
X 89500  Y 169980
X 98000  Y 173000
X 129500  Y 159980
X 129500  Y 169980
X 129500  Y 179980
X 139500  Y 159980
X 139500  Y 169980
X 139500  Y 179980
X 149500  Y 159980
X 149500  Y 169980
X 159500  Y 159980
X 159500  Y 169980
X 159500  Y 179980
X 192000  Y 168000
X 238000  Y 180000
X 242500  Y 165000
X 283000  Y 161000
X 298000  Y 165000
X 337000  Y 165000
X 349500  Y 179980
X 359500  Y 169980
X 370000  Y 173000
X 373000  Y 159000
X 389500  Y 159980
X 413000  Y 159000
X 419500  Y 159980
X 429500  Y 159980
X 419500  Y 189980
X 409500  Y 189980
X 399500  Y 189980
X 369500  Y 189000
X 363000  Y 207000
X 349500  Y 189980
X 349500  Y 199980
X 331000  Y 207000
X 321114  Y 192413
X 268000  Y 195000
X 262000  Y 201000
X 261114  Y 192413
X 238000  Y 192000
X 228000  Y 206000
X 220000  Y 206000
X 211114  Y 192413
X 211000  Y 199000
X 193000  Y 207000
X 192000  Y 198000
X 186000  Y 205000
X 169500  Y 189980
X 159500  Y 189980
X 149500  Y 189980
X 139500  Y 199980
X 139500  Y 189980
X 129500  Y 189980
X 129500  Y 199980
X 117000  Y 187000
X 111000  Y 196000
X 69500  Y 189980
X 70000  Y 222000
X 70000  Y 228000
X 84000  Y 232000
X 91000  Y 232000
X 104000  Y 229000
X 113000  Y 208000
X 119500  Y 219980
X 129500  Y 219980
X 129500  Y 209980
X 129500  Y 229980
X 139500  Y 219980
X 139500  Y 209980
X 149500  Y 229980
X 159500  Y 229980
X 169500  Y 229980
X 176000  Y 211000
X 194000  Y 222000
X 194000  Y 214000
X 221114  Y 222413
X 230000  Y 213000
X 231114  Y 222413
X 233000  Y 228000
X 237000  Y 213000
X 239000  Y 222000
X 244000  Y 213000
X 250000  Y 232480
X 260000  Y 232480
X 270000  Y 232480
X 274000  Y 213000
X 281000  Y 211000
X 285000  Y 209000
X 288000  Y 214000
X 297000  Y 216000
X 299500  Y 209980
X 309000  Y 208000
X 319500  Y 219500
X 319500  Y 229980
X 328999  Y 219519
X 329000  Y 230000
X 338999  Y 219519
X 339000  Y 230000
X 349500  Y 211500
X 349500  Y 219980
X 359500  Y 219980
X 359500  Y 229980
X 389000  Y 230000
X 389500  Y 219980
X 389500  Y 209980
X 399500  Y 219980
X 399500  Y 209980
X 409500  Y 219980
X 409500  Y 209980
X 419500  Y 209980
X 419500  Y 219980
X 429500  Y 209980
X 429500  Y 219980
X 371000  Y 241000
X 367000  Y 252000
X 362000  Y 252000
X 340000  Y 252000
X 339500  Y 239980
X 330000  Y 252000
X 329500  Y 239980
X 319000  Y 245000
X 309500  Y 239980
X 309500  Y 249980
X 169500  Y 249980
X 169500  Y 239980
X 139500  Y 239980
X 103000  Y 234000
X 103000  Y 245000
X 100000  Y 250000
X 100000  Y 240000
X 95000  Y 250000
X 95000  Y 240000
X 89500  Y 239980
X 84000  Y 248000
X 70000  Y 246000
X 70000  Y 240000
X 70000  Y 234000
X 66000  Y 250000
X 69500  Y 259980
X 69500  Y 269980
X 79500  Y 259980
X 79500  Y 269980
X 89000  Y 261000
X 98000  Y 261000
X 104000  Y 263000
X 129000  Y 262500
X 137000  Y 273000
X 151000  Y 273000
X 163000  Y 272000
X 171114  Y 282413
X 181114  Y 272413
X 181114  Y 282413
X 191114  Y 262413
X 191114  Y 272413
X 191114  Y 282413
X 201114  Y 272413
X 212000  Y 276000
X 219500  Y 269980
X 233000  Y 263000
X 239500  Y 259980
X 239500  Y 269980
X 249500  Y 259980
X 249500  Y 269980
X 259500  Y 259980
X 259500  Y 269980
X 329500  Y 269980
X 329500  Y 259980
X 329500  Y 279980
X 339500  Y 269980
X 339500  Y 259980
X 369500  Y 261500
X 388000  Y 258000
X 388000  Y 268000
X 397000  Y 258000
X 397000  Y 268000
X 430500  Y 284000
X 429500  Y 289980
X 429500  Y 299980
X 420500  Y 284000
X 419500  Y 289980
X 419500  Y 299980
X 409500  Y 284000
X 409000  Y 290000
X 409000  Y 300000
X 401114  Y 292413
X 399500  Y 284000
X 388500  Y 284000
X 309500  Y 289980
X 299500  Y 289980
X 261114  Y 302413
X 251114  Y 302413
X 241114  Y 302413
X 231114  Y 302413
X 221114  Y 302413
X 211114  Y 302413
X 171114  Y 302413
X 171114  Y 292413
X 152000  Y 283000
X 137000  Y 283000
X 99500  Y 299980
X 89500  Y 299980
X 69500  Y 309980
X 89500  Y 309980
X 99500  Y 309980
X 109500  Y 309980
X 159500  Y 309980
X 409500  Y 309980
X 419500  Y 309980
X 429500  Y 309980

Drill: .0315  Tool: 2  Feed: 197  Speed: 550
X 79500  Y 132377
X 79500  Y 124503
X 79500  Y 156000
X 79500  Y 148125
X 79500  Y 140251
X 138500  Y 114000
X 146374  Y 114000
X 154248  Y 114000
X 427500  Y 127000
X 427500  Y 134874
X 427500  Y 142748
X 426000  Y 178877
X 426000  Y 171003
X 426000  Y 202500
X 426000  Y 194625
X 426000  Y 186751
X 335500  Y 186000
X 327625  Y 186000
X 319751  Y 186000
X 311877  Y 186000
X 304003  Y 186000
X 281000  Y 186000
X 273125  Y 186000
X 265251  Y 186000
X 257377  Y 186000
X 249503  Y 186000
X 227500  Y 186000
X 219625  Y 186000
X 211751  Y 186000
X 203877  Y 186000
X 196003  Y 186000
X 79500  Y 194251
X 79500  Y 186377
X 79500  Y 178503
X 79500  Y 202125
X 79500  Y 210000
X 194000  Y 242500
X 201874  Y 242500
X 209748  Y 242500
X 217622  Y 242500
X 225496  Y 242500
X 245000  Y 242500
X 252874  Y 242500
X 260748  Y 242500
X 268622  Y 242500
X 276496  Y 242500
X 315500  Y 252877
X 352500  Y 252877
X 352500  Y 276500
X 352500  Y 268625
X 352500  Y 260751
X 315500  Y 260751
X 315500  Y 268625
X 315500  Y 276500
X 156122  Y 300000
X 148248  Y 300000
X 140374  Y 300000
X 132500  Y 300000

Drill: .035  Tool: 3  Feed: 197  Speed: 550
X 177500  Y 107500
X 177500  Y 117500
X 187500  Y 107500
X 187500  Y 117500
X 197500  Y 107500
X 197500  Y 117500
X 207500  Y 107500
X 207500  Y 117500
X 217500  Y 107500
X 217500  Y 117500
X 227500  Y 107500
X 227500  Y 117500
X 237500  Y 107500
X 237500  Y 117500
X 247500  Y 107500
X 247500  Y 117500
X 257500  Y 107500
X 257500  Y 117500
X 267500  Y 107500
X 267500  Y 117500
X 277500  Y 107500
X 277500  Y 117500
X 287500  Y 107500
X 287500  Y 117500
X 297500  Y 107500
X 297500  Y 117500
X 307500  Y 107500
X 307500  Y 117500
X 317500  Y 107500
X 317500  Y 117500
X 327500  Y 107500
X 327500  Y 117500
X 337500  Y 107500
X 337500  Y 117500
X 344000  Y 130500
X 347500  Y 117500
X 347500  Y 107500
X 354000  Y 130500
X 357500  Y 107500
X 357500  Y 117500
X 367500  Y 107500
X 367500  Y 117500
X 377500  Y 107500
X 377500  Y 117500
X 387500  Y 107500
X 387500  Y 117500
X 397500  Y 107500
X 397500  Y 117500
X 354000  Y 156000
X 354000  Y 140500
X 354000  Y 166000
X 354000  Y 185500
X 354000  Y 195500
X 344000  Y 140500
X 147500  Y 144500
X 137500  Y 144500
X 177500  Y 297500
X 187500  Y 297500
X 197500  Y 297500
X 207500  Y 297500
X 217500  Y 297500
X 227500  Y 297500
X 237500  Y 297500
X 247500  Y 297500
X 257500  Y 297500
X 267500  Y 297500
X 274500  Y 277000
X 274500  Y 267000
X 277500  Y 297500
X 287500  Y 297500
X 297500  Y 297500
X 307500  Y 297500
X 317500  Y 297500
X 327500  Y 297500
X 337500  Y 297500
X 347500  Y 297500
X 357500  Y 297500
X 367500  Y 297500
X 377500  Y 297500
X 387500  Y 297500
X 397500  Y 297500
X 397500  Y 307500
X 387500  Y 307500
X 377500  Y 307500
X 367500  Y 307500
X 357500  Y 307500
X 347500  Y 307500
X 337500  Y 307500
X 327500  Y 307500
X 317500  Y 307500
X 307500  Y 307500
X 297500  Y 307500
X 287500  Y 307500
X 277500  Y 307500
X 267500  Y 307500
X 257500  Y 307500
X 247500  Y 307500
X 237500  Y 307500
X 227500  Y 307500
X 217500  Y 307500
X 207500  Y 307500
X 197500  Y 307500
X 187500  Y 307500
X 177500  Y 307500

Drill: .03543  Tool: 4  Feed: 197  Speed: 550
X 86838  Y 292000
X 104161  Y 292000
X 417000  Y 256661
X 417000  Y 239338

Drill: .05512  Tool: 5  Feed: 107  Speed: 550
X 167000  Y 142846
X 167000  Y 164500

End of Listing
