Drill Listing
=============
Drill: .024  Tool: 1  Feed: 197  Speed: 550
X 250000  Y 268000
X 269200  Y 268000

Drill: .025  Tool: 2  Feed: 197  Speed: 550
X 178891  Y 103750
X 253891  Y 118750
X 268891  Y 103750
X 268891  Y 118750
X 283891  Y 103750
X 298891  Y 103750
X 298891  Y 118750
X 313600  Y 126400
X 313891  Y 103750
X 313891  Y 118750
X 328891  Y 103750
X 253891  Y 133750
X 253891  Y 148750
X 218000  Y 141000
X 208891  Y 148750
X 193891  Y 148750
X 193891  Y 133750
X 178891  Y 148750
X 178891  Y 163750
X 218000  Y 176000
X 223891  Y 163750
X 233200  Y 173800
X 253000  Y 162000
X 258000  Y 157000
X 283000  Y 162000
X 293000  Y 162000
X 298000  Y 176000
X 313891  Y 163750
X 333000  Y 184000
X 333000  Y 194000
X 327000  Y 194000
X 318000  Y 184000
X 314200  Y 197800
X 277000  Y 192000
X 273000  Y 196000
X 268000  Y 200000
X 261000  Y 182000
X 249000  Y 182000
X 212000  Y 196000
X 208891  Y 178750
X 201000  Y 200000
X 191000  Y 179000
X 166000  Y 217600
X 196000  Y 208000
X 208891  Y 208750
X 209000  Y 224000
X 223891  Y 208750
X 223891  Y 223750
X 245000  Y 228000
X 253891  Y 208750
X 268891  Y 208750
X 283891  Y 208750
X 317800  Y 214000
X 320200  Y 227800
X 327000  Y 218000
X 327000  Y 204000
X 333000  Y 204000
X 333000  Y 218000
X 333000  Y 228000
X 333000  Y 253000
X 333000  Y 243000
X 326200  Y 242800
X 223891  Y 238750
X 208891  Y 238750
X 182000  Y 238000
X 167800  Y 240400
X 168400  Y 265600
X 184000  Y 265000
X 209200  Y 265600
X 223891  Y 268750
X 223891  Y 253750
X 238891  Y 253750
X 238891  Y 268750
X 251800  Y 257200
X 298891  Y 268750
X 298891  Y 253750
X 328891  Y 268750
X 328891  Y 298750
X 313891  Y 298750
X 298891  Y 298750
X 298891  Y 283750
X 253891  Y 298750
X 238891  Y 298750
X 235000  Y 283600
X 224000  Y 281000
X 184000  Y 298000
X 184000  Y 281000
X 168400  Y 298600
X 168400  Y 281600
X 193891  Y 313750
X 208600  Y 313600
X 302000  Y 314000
X 313891  Y 313750

Drill: .0315  Tool: 3  Feed: 197  Speed: 550
X 205000  Y 112000
X 212874  Y 112000
X 220748  Y 112000
X 228622  Y 112000
X 236496  Y 112000
X 270000  Y 112000
X 277874  Y 112000
X 285748  Y 112000
X 293622  Y 112000
X 328000  Y 148000
X 328000  Y 155874
X 328000  Y 163748
X 173000  Y 178125
X 173000  Y 170251
X 173000  Y 186000
X 328000  Y 276000
X 328000  Y 283874

Drill: .035  Tool: 4  Feed: 197  Speed: 550
X 270121  Y 314800
X 270121  Y 304957
X 280357  Y 314800
X 280357  Y 304957
X 290200  Y 314800
X 290200  Y 304957

Drill: .03937  Tool: 5  Feed: 197  Speed: 550
X 224341  Y 288804
X 242058  Y 288804
X 242058  Y 314395
X 224341  Y 314395

Drill: .071  Tool: 6  Feed: 81  Speed: 550
X 203800  Y 252300
X 203800  Y 274000

Drill: .116  Tool: 7  Feed: 69  Speed: 658
X 175500  Y 115000
X 325500  Y 115000
X 325500  Y 315000
X 175500  Y 315000

Drill: .118  Tool: 8  Feed: 69  Speed: 658
X 203800  Y 302700

End of Listing
